[2644:2936:1202/101436:INFO:AppRunner.cpp(611)] Begin run process geeplayer, -runfrom openimage "C:\Users\Administrator\Desktop\前端-老大版\assets\images\title.ico", mainplugin is mainPlugin
[2644:2936:1202/101436:INFO:AppRunner.cpp(617)] ProductName is GeePlayer1
[2644:2936:1202/101436:INFO:ChannelManager.cpp(1219)] create connection thread
[2644:2936:1202/101436:INFO:AppRunner.cpp(661)] apppluginbase version is 5.1.3.13
[2644:2936:1202/101436:INFO:UIlib.cpp(192)] quilib: version is 5.1.3.9
[2644:2936:1202/101436:INFO:serviceManager.cpp(508)] mainprocessisrunning key is set as 1
[2644:2936:1202/101436:INFO:serviceManager.cpp(629)] create local service plugin PluginServerStatePlugin
[2644:2936:1202/101436:INFO:serviceManager.cpp(687)] plugin PluginServerStatePlugin DoPluginInit
[2644:2936:1202/101436:INFO:serviceManager.cpp(1272)] repository parse over
[2644:2936:1202/101439:INFO:UIManager.cpp(383)] quilib:call set resouce path, path is c:\program files (x86)\iqiyi video\geeplayer\3.0.40.3591\skin
[2644:2936:1202/101439:INFO:UIMarkup.cpp(395)] quilib:Open Resource failed, Path is c:\program files (x86)\iqiyi video\geeplayer\3.0.40.3591\skin\StyleTable.xml, last error is0
[2644:2936:1202/101439:INFO:UIDlgBuilder.cpp(512)] quilib:create root control failed
[2644:2936:1202/101439:INFO:UIDlgBuilder.cpp(512)] quilib:create root control failed
[2644:2936:1202/101439:INFO:UIDlgBuilder.cpp(512)] quilib:create root control failed
[2644:2936:1202/101439:INFO:UIDlgBuilder.cpp(512)] quilib:create root control failed
[2644:2936:1202/101439:INFO:UIDlgBuilder.cpp(512)] quilib:create root control failed
[2644:2936:1202/101439:INFO:UIDlgBuilder.cpp(512)] quilib:create root control failed
[2644:2936:1202/101446:INFO:AppRunner.cpp(720)] loop exit geeplayer call main plugin DestoryPluginEntry
[2644:2936:1202/101446:INFO:PluginDevelopAssistant.cpp(115)] real plugin mainPlugin call DestroyPlugin
[2644:2936:1202/101446:INFO:IPlugin.cpp(31)] destruct plugin mainPlugin
[2644:2936:1202/101446:INFO:serviceManager.cpp(1353)] mainPlugin plugin had destroy by DestructPlugin
[2644:2936:1202/101446:INFO:serviceManager.cpp(1906)] DestructManager begin
[2644:2936:1202/101446:INFO:IPlugin.cpp(31)] destruct plugin PluginServerStatePlugin
[2644:2936:1202/101446:INFO:PluginDevelopAssistant.cpp(295)] real plugin PluginServerStatePlugin call DestroyPlugin
[2644:2936:1202/101446:INFO:serviceManager.cpp(1353)] PluginServerStatePlugin plugin had destroy by DestructPlugin
[2644:2936:1202/101446:INFO:serviceManager.cpp(1759)] DeleteLeftPlugins begin
[2644:2936:1202/101446:INFO:serviceManager.cpp(1822)] DeleteLeftPlugins end
[2644:2936:1202/101446:INFO:serviceManager.cpp(508)] mainprocessisrunning key is set as 0
[2644:2936:1202/101446:INFO:AppRunner.cpp(735)] close mutex of process geeplayer
[2644:2936:1202/101446:INFO:AppRunner.cpp(743)] run process geeplayer end
